<?xml version="1.0" encoding="UTF-8"?>
<testng-results skipped="0" failed="0" ignored="0" total="1" passed="1">
  <reporter-output>
  </reporter-output>
  <suite name="Default suite" duration-ms="45893" started-at="2020-10-13T15:37:00 IST" finished-at="2020-10-13T15:37:46 IST">
    <groups>
    </groups>
    <test name="Default test" duration-ms="45893" started-at="2020-10-13T15:37:00 IST" finished-at="2020-10-13T15:37:46 IST">
      <class name="com.testCase.PetCoTest">
        <test-method status="PASS" signature="f()[pri:0, instance:com.testCase.PetCoTest@35d176f7]" name="f" duration-ms="45827" started-at="2020-10-13T15:37:01 IST" finished-at="2020-10-13T15:37:46 IST">
          <reporter-output>
          </reporter-output>
        </test-method> <!-- f -->
      </class> <!-- com.testCase.PetCoTest -->
    </test> <!-- Default test -->
  </suite> <!-- Default suite -->
</testng-results>
